/raid/data/tang/venv/lib/python3.11/site-packages/torch/cuda/__init__.py:141: UserWarning: CUDA initialization: Unexpected error from cudaGetDeviceCount(). Did you run some cuda functions before calling NumCudaDevices() that might have already set an error? Error 804: forward compatibility was attempted on non supported HW (Triggered internally at ../c10/cuda/CUDAFunctions.cpp:108.)
  return torch._C._cuda_getDeviceCount() > 0
logits:tensor([[0.4768, 0.5364]]), confscore:tensor([[0.5232, 0.4636]])
logits:tensor([[0.4488, 0.5643]]), confscore:tensor([[0.5512, 0.4357]])
logits:tensor([[0.8266, 0.1975]]), confscore:tensor([[0.1734, 0.8025]])
logits:tensor([[0.8579, 0.1313]]), confscore:tensor([[0.1421, 0.8687]])
logits:tensor([[0.8693, 0.1156]]), confscore:tensor([[0.1307, 0.8844]])
logits:tensor([[0.0334, 0.9654]]), confscore:tensor([[0.9666, 0.0346]])
logits:tensor([[0.4794, 0.5056]]), confscore:tensor([[0.5206, 0.4944]])
logits:tensor([[0.5981, 0.4283]]), confscore:tensor([[0.4019, 0.5717]])
logits:tensor([[0.9438, 0.0658]]), confscore:tensor([[0.0562, 0.9342]])
logits:tensor([[0.8410, 0.1482]]), confscore:tensor([[0.1590, 0.8518]])
logits:tensor([[0.9044, 0.0869]]), confscore:tensor([[0.0956, 0.9131]])
logits:tensor([[0.5437, 0.4020]]), confscore:tensor([[0.4563, 0.5980]])
logits:tensor([[0.4824, 0.5063]]), confscore:tensor([[0.5176, 0.4937]])
logits:tensor([[0.8655, 0.1214]]), confscore:tensor([[0.1345, 0.8786]])
logits:tensor([[0.3977, 0.6289]]), confscore:tensor([[0.6023, 0.3711]])
logits:tensor([[0.1021, 0.8902]]), confscore:tensor([[0.8979, 0.1098]])
logits:tensor([[0.5407, 0.4564]]), confscore:tensor([[0.4593, 0.5436]])
logits:tensor([[0.7488, 0.2526]]), confscore:tensor([[0.2512, 0.7474]])
logits:tensor([[0.4245, 0.5579]]), confscore:tensor([[0.5755, 0.4421]])
logits:tensor([[0.3887, 0.6413]]), confscore:tensor([[0.6113, 0.3587]])
logits:tensor([[0.5610, 0.4247]]), confscore:tensor([[0.4390, 0.5753]])
logits:tensor([[0.5409, 0.4409]]), confscore:tensor([[0.4591, 0.5591]])
logits:tensor([[0.3314, 0.6695]]), confscore:tensor([[0.6686, 0.3305]])
logits:tensor([[0.9174, 0.0798]]), confscore:tensor([[0.0826, 0.9202]])
logits:tensor([[0.6832, 0.3137]]), confscore:tensor([[0.3168, 0.6863]])
logits:tensor([[0.2692, 0.7574]]), confscore:tensor([[0.7308, 0.2426]])
logits:tensor([[0.9229, 0.0747]]), confscore:tensor([[0.0771, 0.9253]])
logits:tensor([[0.3304, 0.6506]]), confscore:tensor([[0.6696, 0.3494]])
logits:tensor([[0.4029, 0.6282]]), confscore:tensor([[0.5971, 0.3718]])
logits:tensor([[0.4324, 0.5669]]), confscore:tensor([[0.5676, 0.4331]])
logits:tensor([[0.4694, 0.5101]]), confscore:tensor([[0.5306, 0.4899]])
logits:tensor([[0.8289, 0.1710]]), confscore:tensor([[0.1711, 0.8290]])
logits:tensor([[0.7064, 0.2736]]), confscore:tensor([[0.2936, 0.7264]])
logits:tensor([[0.8454, 0.1430]]), confscore:tensor([[0.1546, 0.8570]])
logits:tensor([[0.5373, 0.4387]]), confscore:tensor([[0.4627, 0.5613]])
logits:tensor([[0.7677, 0.2237]]), confscore:tensor([[0.2323, 0.7763]])
logits:tensor([[0.8777, 0.1306]]), confscore:tensor([[0.1223, 0.8694]])
logits:tensor([[0.8154, 0.1733]]), confscore:tensor([[0.1846, 0.8267]])
logits:tensor([[0.2610, 0.7234]]), confscore:tensor([[0.7390, 0.2766]])
logits:tensor([[0.2029, 0.8161]]), confscore:tensor([[0.7971, 0.1839]])
logits:tensor([[0.0999, 0.9096]]), confscore:tensor([[0.9001, 0.0904]])
logits:tensor([[0.4716, 0.5115]]), confscore:tensor([[0.5284, 0.4885]])
logits:tensor([[0.4455, 0.5320]]), confscore:tensor([[0.5545, 0.4680]])
logits:tensor([[0.5140, 0.4938]]), confscore:tensor([[0.4860, 0.5062]])
logits:tensor([[0.8851, 0.1204]]), confscore:tensor([[0.1149, 0.8796]])
logits:tensor([[0.6934, 0.2872]]), confscore:tensor([[0.3066, 0.7128]])
logits:tensor([[0.8382, 0.1598]]), confscore:tensor([[0.1618, 0.8402]])
logits:tensor([[0.5126, 0.4807]]), confscore:tensor([[0.4874, 0.5193]])
logits:tensor([[0.2028, 0.7960]]), confscore:tensor([[0.7972, 0.2040]])
logits:tensor([[0.7764, 0.2181]]), confscore:tensor([[0.2236, 0.7819]])
logits:tensor([[0.8461, 0.1481]]), confscore:tensor([[0.1539, 0.8519]])
logits:tensor([[0.2362, 0.7384]]), confscore:tensor([[0.7638, 0.2616]])
logits:tensor([[0.6758, 0.3627]]), confscore:tensor([[0.3242, 0.6373]])
logits:tensor([[0.7976, 0.2076]]), confscore:tensor([[0.2024, 0.7924]])
logits:tensor([[0.6256, 0.3717]]), confscore:tensor([[0.3744, 0.6283]])
logits:tensor([[0.7365, 0.2761]]), confscore:tensor([[0.2635, 0.7239]])
logits:tensor([[0.8655, 0.1214]]), confscore:tensor([[0.1345, 0.8786]])
logits:tensor([[0.7011, 0.2986]]), confscore:tensor([[0.2989, 0.7014]])
logits:tensor([[0.0982, 0.9065]]), confscore:tensor([[0.9018, 0.0935]])
logits:tensor([[0.0244, 0.9703]]), confscore:tensor([[0.9756, 0.0297]])
logits:tensor([[0.4531, 0.5415]]), confscore:tensor([[0.5469, 0.4585]])
logits:tensor([[0.4600, 0.5435]]), confscore:tensor([[0.5400, 0.4565]])
logits:tensor([[0.4207, 0.5749]]), confscore:tensor([[0.5793, 0.4251]])
logits:tensor([[0.3985, 0.6387]]), confscore:tensor([[0.6015, 0.3613]])
logits:tensor([[0.4501, 0.5592]]), confscore:tensor([[0.5499, 0.4408]])
logits:tensor([[0.6024, 0.3779]]), confscore:tensor([[0.3976, 0.6221]])
logits:tensor([[0.7021, 0.2730]]), confscore:tensor([[0.2979, 0.7270]])
logits:tensor([[0.4341, 0.5617]]), confscore:tensor([[0.5659, 0.4383]])
logits:tensor([[0.6498, 0.3863]]), confscore:tensor([[0.3502, 0.6137]])
logits:tensor([[0.6330, 0.3907]]), confscore:tensor([[0.3670, 0.6093]])
logits:tensor([[0.4898, 0.4827]]), confscore:tensor([[0.5102, 0.5173]])
logits:tensor([[0.6721, 0.2896]]), confscore:tensor([[0.3279, 0.7104]])
logits:tensor([[0.5300, 0.4779]]), confscore:tensor([[0.4700, 0.5221]])
logits:tensor([[0.7783, 0.2140]]), confscore:tensor([[0.2217, 0.7860]])
logits:tensor([[0.3792, 0.6087]]), confscore:tensor([[0.6208, 0.3913]])
logits:tensor([[0.6244, 0.3428]]), confscore:tensor([[0.3756, 0.6572]])
logits:tensor([[0.4881, 0.5518]]), confscore:tensor([[0.5119, 0.4482]])
logits:tensor([[0.4601, 0.5581]]), confscore:tensor([[0.5399, 0.4419]])
logits:tensor([[0.2882, 0.7202]]), confscore:tensor([[0.7118, 0.2798]])
logits:tensor([[0.7337, 0.2551]]), confscore:tensor([[0.2663, 0.7449]])
logits:tensor([[0.6463, 0.3664]]), confscore:tensor([[0.3537, 0.6336]])
logits:tensor([[0.4742, 0.5645]]), confscore:tensor([[0.5258, 0.4355]])
logits:tensor([[0.8786, 0.1096]]), confscore:tensor([[0.1214, 0.8904]])
logits:tensor([[0.8280, 0.1922]]), confscore:tensor([[0.1720, 0.8078]])
logits:tensor([[0.8325, 0.1637]]), confscore:tensor([[0.1675, 0.8363]])
logits:tensor([[0.1714, 0.8205]]), confscore:tensor([[0.8286, 0.1795]])
logits:tensor([[0.6879, 0.3136]]), confscore:tensor([[0.3121, 0.6864]])
logits:tensor([[0.2826, 0.6983]]), confscore:tensor([[0.7174, 0.3017]])
logits:tensor([[0.3588, 0.6435]]), confscore:tensor([[0.6412, 0.3565]])
logits:tensor([[0.4272, 0.5492]]), confscore:tensor([[0.5728, 0.4508]])
logits:tensor([[0.5876, 0.4098]]), confscore:tensor([[0.4124, 0.5902]])
logits:tensor([[0.8097, 0.1806]]), confscore:tensor([[0.1903, 0.8194]])
logits:tensor([[0.4543, 0.5105]]), confscore:tensor([[0.5457, 0.4895]])
logits:tensor([[0.7611, 0.2520]]), confscore:tensor([[0.2389, 0.7480]])
logits:tensor([[0.7423, 0.2496]]), confscore:tensor([[0.2577, 0.7504]])
logits:tensor([[0.8695, 0.1088]]), confscore:tensor([[0.1305, 0.8912]])
logits:tensor([[0.5347, 0.4452]]), confscore:tensor([[0.4653, 0.5548]])
logits:tensor([[0.4207, 0.5749]]), confscore:tensor([[0.5793, 0.4251]])
logits:tensor([[0.3907, 0.6106]]), confscore:tensor([[0.6093, 0.3894]])
logits:tensor([[0.6632, 0.3348]]), confscore:tensor([[0.3368, 0.6652]])
logits:tensor([[0.3391, 0.6748]]), confscore:tensor([[0.6609, 0.3252]])
logits:tensor([[0.5026, 0.4584]]), confscore:tensor([[0.4974, 0.5416]])
logits:tensor([[0.8611, 0.1240]]), confscore:tensor([[0.1389, 0.8760]])
logits:tensor([[0.8681, 0.1245]]), confscore:tensor([[0.1319, 0.8755]])
logits:tensor([[0.6487, 0.3344]]), confscore:tensor([[0.3513, 0.6656]])
logits:tensor([[0.8099, 0.1912]]), confscore:tensor([[0.1901, 0.8088]])
logits:tensor([[0.8490, 0.1481]]), confscore:tensor([[0.1510, 0.8519]])
logits:tensor([[0.7884, 0.2141]]), confscore:tensor([[0.2116, 0.7859]])
logits:tensor([[0.6323, 0.3572]]), confscore:tensor([[0.3677, 0.6428]])
logits:tensor([[0.8856, 0.1136]]), confscore:tensor([[0.1144, 0.8864]])
logits:tensor([[0.3660, 0.6408]]), confscore:tensor([[0.6340, 0.3592]])
logits:tensor([[0.8051, 0.2409]]), confscore:tensor([[0.1949, 0.7591]])
logits:tensor([[0.3755, 0.5884]]), confscore:tensor([[0.6245, 0.4116]])
logits:tensor([[0.6445, 0.3579]]), confscore:tensor([[0.3555, 0.6421]])
logits:tensor([[0.8425, 0.1270]]), confscore:tensor([[0.1575, 0.8730]])
logits:tensor([[0.3852, 0.6025]]), confscore:tensor([[0.6148, 0.3975]])
logits:tensor([[0.9251, 0.0896]]), confscore:tensor([[0.0749, 0.9104]])
logits:tensor([[0.3811, 0.6179]]), confscore:tensor([[0.6189, 0.3821]])
logits:tensor([[0.8129, 0.1624]]), confscore:tensor([[0.1871, 0.8376]])
logits:tensor([[0.7688, 0.2053]]), confscore:tensor([[0.2312, 0.7947]])
logits:tensor([[0.4765, 0.5059]]), confscore:tensor([[0.5235, 0.4941]])
logits:tensor([[0.8278, 0.1631]]), confscore:tensor([[0.1722, 0.8369]])
logits:tensor([[0.4841, 0.5007]]), confscore:tensor([[0.5159, 0.4993]])
logits:tensor([[0.7572, 0.2502]]), confscore:tensor([[0.2428, 0.7498]])
logits:tensor([[0.8317, 0.1695]]), confscore:tensor([[0.1683, 0.8305]])
logits:tensor([[0.7777, 0.2108]]), confscore:tensor([[0.2223, 0.7892]])
logits:tensor([[0.7798, 0.2153]]), confscore:tensor([[0.2202, 0.7847]])
logits:tensor([[0.6769, 0.3227]]), confscore:tensor([[0.3231, 0.6773]])
logits:tensor([[0.3847, 0.6175]]), confscore:tensor([[0.6153, 0.3825]])
logits:tensor([[0.3588, 0.6435]]), confscore:tensor([[0.6412, 0.3565]])
logits:tensor([[0.7120, 0.2629]]), confscore:tensor([[0.2880, 0.7371]])
logits:tensor([[0.6971, 0.2862]]), confscore:tensor([[0.3029, 0.7138]])
logits:tensor([[0.4399, 0.5353]]), confscore:tensor([[0.5601, 0.4647]])
logits:tensor([[0.7740, 0.2474]]), confscore:tensor([[0.2260, 0.7526]])
logits:tensor([[0.8208, 0.1578]]), confscore:tensor([[0.1792, 0.8422]])
logits:tensor([[0.7757, 0.2252]]), confscore:tensor([[0.2243, 0.7748]])
logits:tensor([[0.8244, 0.1541]]), confscore:tensor([[0.1756, 0.8459]])
logits:tensor([[0.7498, 0.2488]]), confscore:tensor([[0.2502, 0.7512]])
logits:tensor([[0.6553, 0.3728]]), confscore:tensor([[0.3447, 0.6272]])
logits:tensor([[0.6976, 0.3378]]), confscore:tensor([[0.3024, 0.6622]])
logits:tensor([[0.5038, 0.5080]]), confscore:tensor([[0.4962, 0.4920]])
logits:tensor([[0.5636, 0.4470]]), confscore:tensor([[0.4364, 0.5530]])
logits:tensor([[0.2652, 0.7090]]), confscore:tensor([[0.7348, 0.2910]])
logits:tensor([[0.6793, 0.3505]]), confscore:tensor([[0.3207, 0.6495]])
logits:tensor([[0.6790, 0.2996]]), confscore:tensor([[0.3210, 0.7004]])
logits:tensor([[0.8421, 0.1600]]), confscore:tensor([[0.1579, 0.8400]])
logits:tensor([[0.5567, 0.4288]]), confscore:tensor([[0.4433, 0.5712]])
logits:tensor([[0.3380, 0.6470]]), confscore:tensor([[0.6620, 0.3530]])
logits:tensor([[0.8408, 0.1616]]), confscore:tensor([[0.1592, 0.8384]])
logits:tensor([[0.7938, 0.1940]]), confscore:tensor([[0.2062, 0.8060]])
logits:tensor([[0.8648, 0.1710]]), confscore:tensor([[0.1352, 0.8290]])
logits:tensor([[0.9176, 0.0777]]), confscore:tensor([[0.0824, 0.9223]])
logits:tensor([[0.6577, 0.3486]]), confscore:tensor([[0.3423, 0.6514]])
logits:tensor([[0.2204, 0.7829]]), confscore:tensor([[0.7796, 0.2171]])
logits:tensor([[0.2417, 0.7537]]), confscore:tensor([[0.7583, 0.2463]])
logits:tensor([[0.8070, 0.1678]]), confscore:tensor([[0.1930, 0.8322]])
logits:tensor([[0.2826, 0.6817]]), confscore:tensor([[0.7174, 0.3183]])
logits:tensor([[0.4647, 0.5331]]), confscore:tensor([[0.5353, 0.4669]])
logits:tensor([[0.8157, 0.1877]]), confscore:tensor([[0.1843, 0.8123]])
logits:tensor([[0.4900, 0.4969]]), confscore:tensor([[0.5100, 0.5031]])
logits:tensor([[0.4027, 0.6237]]), confscore:tensor([[0.5973, 0.3763]])
logits:tensor([[0.7174, 0.2499]]), confscore:tensor([[0.2826, 0.7501]])
logits:tensor([[0.7271, 0.2700]]), confscore:tensor([[0.2729, 0.7300]])
logits:tensor([[0.8396, 0.1590]]), confscore:tensor([[0.1604, 0.8410]])
logits:tensor([[0.7952, 0.2202]]), confscore:tensor([[0.2048, 0.7798]])
logits:tensor([[0.6224, 0.3730]]), confscore:tensor([[0.3776, 0.6270]])
logits:tensor([[0.6552, 0.3043]]), confscore:tensor([[0.3448, 0.6957]])
logits:tensor([[0.4296, 0.5631]]), confscore:tensor([[0.5704, 0.4369]])
logits:tensor([[0.8022, 0.1503]]), confscore:tensor([[0.1978, 0.8497]])
logits:tensor([[0.8161, 0.2080]]), confscore:tensor([[0.1839, 0.7920]])
logits:tensor([[0.8405, 0.1726]]), confscore:tensor([[0.1595, 0.8274]])
logits:tensor([[0.7146, 0.2372]]), confscore:tensor([[0.2854, 0.7628]])
logits:tensor([[0.8094, 0.1925]]), confscore:tensor([[0.1906, 0.8075]])
logits:tensor([[0.3867, 0.6396]]), confscore:tensor([[0.6133, 0.3604]])
logits:tensor([[0.5097, 0.4790]]), confscore:tensor([[0.4903, 0.5210]])
logits:tensor([[0.7370, 0.2640]]), confscore:tensor([[0.2630, 0.7360]])
logits:tensor([[0.4315, 0.5737]]), confscore:tensor([[0.5685, 0.4263]])
logits:tensor([[0.6351, 0.3665]]), confscore:tensor([[0.3649, 0.6335]])
logits:tensor([[0.9429, 0.0567]]), confscore:tensor([[0.0571, 0.9433]])
logits:tensor([[0.4876, 0.4748]]), confscore:tensor([[0.5124, 0.5252]])
logits:tensor([[0.6556, 0.3483]]), confscore:tensor([[0.3444, 0.6517]])
logits:tensor([[0.8762, 0.1284]]), confscore:tensor([[0.1238, 0.8716]])
logits:tensor([[0.0361, 0.9671]]), confscore:tensor([[0.9639, 0.0329]])
logits:tensor([[0.8059, 0.2032]]), confscore:tensor([[0.1941, 0.7968]])
logits:tensor([[0.6478, 0.3501]]), confscore:tensor([[0.3522, 0.6499]])
logits:tensor([[0.8471, 0.1451]]), confscore:tensor([[0.1529, 0.8549]])
logits:tensor([[0.3913, 0.5979]]), confscore:tensor([[0.6087, 0.4021]])
logits:tensor([[0.8207, 0.1687]]), confscore:tensor([[0.1793, 0.8313]])
logits:tensor([[0.7976, 0.1986]]), confscore:tensor([[0.2024, 0.8014]])
logits:tensor([[0.5025, 0.4757]]), confscore:tensor([[0.4975, 0.5243]])
logits:tensor([[0.9021, 0.1034]]), confscore:tensor([[0.0979, 0.8966]])
logits:tensor([[0.6965, 0.2948]]), confscore:tensor([[0.3035, 0.7052]])
logits:tensor([[0.8220, 0.1883]]), confscore:tensor([[0.1780, 0.8117]])
logits:tensor([[0.7449, 0.2746]]), confscore:tensor([[0.2551, 0.7254]])
logits:tensor([[0.9329, 0.0761]]), confscore:tensor([[0.0671, 0.9239]])
logits:tensor([[0.7521, 0.2598]]), confscore:tensor([[0.2479, 0.7402]])
logits:tensor([[0.2661, 0.7260]]), confscore:tensor([[0.7339, 0.2740]])
logits:tensor([[0.5320, 0.4320]]), confscore:tensor([[0.4680, 0.5680]])
logits:tensor([[0.7085, 0.3010]]), confscore:tensor([[0.2915, 0.6990]])
logits:tensor([[0.8936, 0.0943]]), confscore:tensor([[0.1064, 0.9057]])
logits:tensor([[0.6379, 0.3361]]), confscore:tensor([[0.3621, 0.6639]])
logits:tensor([[0.2012, 0.7990]]), confscore:tensor([[0.7988, 0.2010]])
logits:tensor([[0.5370, 0.4930]]), confscore:tensor([[0.4630, 0.5070]])
logits:tensor([[0.5073, 0.5110]]), confscore:tensor([[0.4927, 0.4890]])
logits:tensor([[0.6139, 0.3627]]), confscore:tensor([[0.3861, 0.6373]])
logits:tensor([[0.5130, 0.4866]]), confscore:tensor([[0.4870, 0.5134]])
logits:tensor([[0.5614, 0.4249]]), confscore:tensor([[0.4386, 0.5751]])
logits:tensor([[0.6799, 0.2999]]), confscore:tensor([[0.3201, 0.7001]])
logits:tensor([[0.8284, 0.1543]]), confscore:tensor([[0.1716, 0.8457]])
logits:tensor([[0.8481, 0.1702]]), confscore:tensor([[0.1519, 0.8298]])
logits:tensor([[0.3298, 0.6684]]), confscore:tensor([[0.6702, 0.3316]])
logits:tensor([[0.6116, 0.3583]]), confscore:tensor([[0.3884, 0.6417]])
logits:tensor([[0.4097, 0.6261]]), confscore:tensor([[0.5903, 0.3739]])
logits:tensor([[0.5818, 0.3700]]), confscore:tensor([[0.4182, 0.6300]])
logits:tensor([[0.5601, 0.4610]]), confscore:tensor([[0.4399, 0.5390]])
logits:tensor([[0.3450, 0.6357]]), confscore:tensor([[0.6550, 0.3643]])
logits:tensor([[0.6248, 0.3840]]), confscore:tensor([[0.3752, 0.6160]])
logits:tensor([[0.8784, 0.1229]]), confscore:tensor([[0.1216, 0.8771]])
logits:tensor([[0.7840, 0.2207]]), confscore:tensor([[0.2160, 0.7793]])
logits:tensor([[0.8087, 0.1735]]), confscore:tensor([[0.1913, 0.8265]])
logits:tensor([[0.7347, 0.2689]]), confscore:tensor([[0.2653, 0.7311]])
logits:tensor([[0.7536, 0.2487]]), confscore:tensor([[0.2464, 0.7513]])
logits:tensor([[0.6334, 0.4023]]), confscore:tensor([[0.3666, 0.5977]])
logits:tensor([[0.8185, 0.1626]]), confscore:tensor([[0.1815, 0.8374]])
logits:tensor([[0.8134, 0.1665]]), confscore:tensor([[0.1866, 0.8335]])
logits:tensor([[0.8531, 0.1560]]), confscore:tensor([[0.1469, 0.8440]])
logits:tensor([[0.6178, 0.3800]]), confscore:tensor([[0.3822, 0.6200]])
logits:tensor([[0.2292, 0.7468]]), confscore:tensor([[0.7708, 0.2532]])
logits:tensor([[0.8242, 0.1883]]), confscore:tensor([[0.1758, 0.8117]])
logits:tensor([[0.3575, 0.6583]]), confscore:tensor([[0.6425, 0.3417]])
logits:tensor([[0.7352, 0.2488]]), confscore:tensor([[0.2648, 0.7512]])
logits:tensor([[0.6560, 0.3160]]), confscore:tensor([[0.3440, 0.6840]])
logits:tensor([[0.2960, 0.6843]]), confscore:tensor([[0.7040, 0.3157]])
logits:tensor([[0.4062, 0.5810]]), confscore:tensor([[0.5938, 0.4190]])
logits:tensor([[0.8918, 0.0957]]), confscore:tensor([[0.1082, 0.9043]])
logits:tensor([[0.8417, 0.1329]]), confscore:tensor([[0.1583, 0.8671]])
logits:tensor([[0.7211, 0.2546]]), confscore:tensor([[0.2789, 0.7454]])
logits:tensor([[0.7365, 0.2682]]), confscore:tensor([[0.2635, 0.7318]])
logits:tensor([[0.9097, 0.1088]]), confscore:tensor([[0.0903, 0.8912]])
logits:tensor([[0.7064, 0.2681]]), confscore:tensor([[0.2936, 0.7319]])
logits:tensor([[0.8272, 0.2173]]), confscore:tensor([[0.1728, 0.7827]])
logits:tensor([[0.5179, 0.5153]]), confscore:tensor([[0.4821, 0.4847]])
logits:tensor([[0.8353, 0.1484]]), confscore:tensor([[0.1647, 0.8516]])
logits:tensor([[0.2515, 0.7544]]), confscore:tensor([[0.7485, 0.2456]])
logits:tensor([[0.8713, 0.1280]]), confscore:tensor([[0.1287, 0.8720]])
logits:tensor([[0.6892, 0.3361]]), confscore:tensor([[0.3108, 0.6639]])
logits:tensor([[0.7583, 0.2478]]), confscore:tensor([[0.2417, 0.7522]])
logits:tensor([[0.4577, 0.5543]]), confscore:tensor([[0.5423, 0.4457]])
logits:tensor([[0.8133, 0.1797]]), confscore:tensor([[0.1867, 0.8203]])
logits:tensor([[0.4600, 0.5352]]), confscore:tensor([[0.5400, 0.4648]])
logits:tensor([[0.8196, 0.1811]]), confscore:tensor([[0.1804, 0.8189]])
logits:tensor([[0.7298, 0.2538]]), confscore:tensor([[0.2702, 0.7462]])
logits:tensor([[0.5393, 0.4415]]), confscore:tensor([[0.4607, 0.5585]])
logits:tensor([[0.7764, 0.2181]]), confscore:tensor([[0.2236, 0.7819]])
logits:tensor([[0.7219, 0.2960]]), confscore:tensor([[0.2781, 0.7040]])
logits:tensor([[0.8121, 0.1958]]), confscore:tensor([[0.1879, 0.8042]])
logits:tensor([[0.7300, 0.2808]]), confscore:tensor([[0.2700, 0.7192]])
logits:tensor([[0.9435, 0.0615]]), confscore:tensor([[0.0565, 0.9385]])
logits:tensor([[0.5489, 0.4127]]), confscore:tensor([[0.4511, 0.5873]])
logits:tensor([[0.1099, 0.8909]]), confscore:tensor([[0.8901, 0.1091]])
logits:tensor([[0.7423, 0.2518]]), confscore:tensor([[0.2577, 0.7482]])
logits:tensor([[0.7382, 0.2612]]), confscore:tensor([[0.2618, 0.7388]])
logits:tensor([[0.0285, 0.9657]]), confscore:tensor([[0.9715, 0.0343]])
logits:tensor([[0.6003, 0.3945]]), confscore:tensor([[0.3997, 0.6055]])
logits:tensor([[0.3517, 0.6247]]), confscore:tensor([[0.6483, 0.3753]])
logits:tensor([[0.6596, 0.3246]]), confscore:tensor([[0.3404, 0.6754]])
logits:tensor([[0.7869, 0.2223]]), confscore:tensor([[0.2131, 0.7777]])
logits:tensor([[0.7183, 0.2998]]), confscore:tensor([[0.2817, 0.7002]])
logits:tensor([[0.6166, 0.4044]]), confscore:tensor([[0.3834, 0.5956]])
logits:tensor([[0.8731, 0.1244]]), confscore:tensor([[0.1269, 0.8756]])
logits:tensor([[0.7663, 0.2206]]), confscore:tensor([[0.2337, 0.7794]])
logits:tensor([[0.7967, 0.1984]]), confscore:tensor([[0.2033, 0.8016]])
logits:tensor([[0.8450, 0.1582]]), confscore:tensor([[0.1550, 0.8418]])
logits:tensor([[0.7179, 0.2466]]), confscore:tensor([[0.2821, 0.7534]])
logits:tensor([[0.1568, 0.8353]]), confscore:tensor([[0.8432, 0.1647]])
logits:tensor([[0.7719, 0.2212]]), confscore:tensor([[0.2281, 0.7788]])
logits:tensor([[0.4299, 0.5370]]), confscore:tensor([[0.5701, 0.4630]])
logits:tensor([[0.4515, 0.5672]]), confscore:tensor([[0.5485, 0.4328]])
logits:tensor([[0.4778, 0.5130]]), confscore:tensor([[0.5222, 0.4870]])
logits:tensor([[0.7009, 0.3101]]), confscore:tensor([[0.2991, 0.6899]])
logits:tensor([[0.7724, 0.2008]]), confscore:tensor([[0.2276, 0.7992]])
logits:tensor([[0.5133, 0.5161]]), confscore:tensor([[0.4867, 0.4839]])
logits:tensor([[0.3964, 0.5991]]), confscore:tensor([[0.6036, 0.4009]])
logits:tensor([[0.7860, 0.2153]]), confscore:tensor([[0.2140, 0.7847]])
logits:tensor([[0.6990, 0.2757]]), confscore:tensor([[0.3010, 0.7243]])
logits:tensor([[0.5539, 0.3862]]), confscore:tensor([[0.4461, 0.6138]])
logits:tensor([[0.6878, 0.3122]]), confscore:tensor([[0.3122, 0.6878]])
logits:tensor([[0.9176, 0.0777]]), confscore:tensor([[0.0824, 0.9223]])
logits:tensor([[0.4495, 0.5608]]), confscore:tensor([[0.5505, 0.4392]])
logits:tensor([[0.8998, 0.1196]]), confscore:tensor([[0.1002, 0.8805]])
logits:tensor([[0.7164, 0.2773]]), confscore:tensor([[0.2836, 0.7227]])
logits:tensor([[0.7090, 0.2901]]), confscore:tensor([[0.2910, 0.7099]])
logits:tensor([[0.5900, 0.3980]]), confscore:tensor([[0.4100, 0.6020]])
logits:tensor([[0.7683, 0.2035]]), confscore:tensor([[0.2317, 0.7965]])
logits:tensor([[0.8030, 0.2073]]), confscore:tensor([[0.1970, 0.7927]])
logits:tensor([[0.7622, 0.2185]]), confscore:tensor([[0.2378, 0.7815]])
logits:tensor([[0.6440, 0.3740]]), confscore:tensor([[0.3560, 0.6260]])
logits:tensor([[0.8336, 0.1810]]), confscore:tensor([[0.1664, 0.8190]])
logits:tensor([[0.7239, 0.2688]]), confscore:tensor([[0.2761, 0.7312]])
logits:tensor([[0.7799, 0.2084]]), confscore:tensor([[0.2201, 0.7916]])
logits:tensor([[0.8454, 0.1542]]), confscore:tensor([[0.1546, 0.8458]])
logits:tensor([[0.8240, 0.1804]]), confscore:tensor([[0.1760, 0.8196]])
logits:tensor([[0.8493, 0.1266]]), confscore:tensor([[0.1507, 0.8734]])
logits:tensor([[0.2866, 0.7233]]), confscore:tensor([[0.7134, 0.2767]])
logits:tensor([[0.8925, 0.1264]]), confscore:tensor([[0.1075, 0.8736]])
logits:tensor([[0.6514, 0.3347]]), confscore:tensor([[0.3486, 0.6653]])
logits:tensor([[0.7985, 0.1855]]), confscore:tensor([[0.2015, 0.8145]])
logits:tensor([[0.3091, 0.6700]]), confscore:tensor([[0.6909, 0.3300]])
logits:tensor([[0.5768, 0.3814]]), confscore:tensor([[0.4232, 0.6186]])
logits:tensor([[0.1826, 0.8031]]), confscore:tensor([[0.8174, 0.1969]])
logits:tensor([[0.1826, 0.8031]]), confscore:tensor([[0.8174, 0.1969]])
logits:tensor([[0.7753, 0.2240]]), confscore:tensor([[0.2247, 0.7760]])
logits:tensor([[0.8001, 0.2147]]), confscore:tensor([[0.1999, 0.7853]])
logits:tensor([[0.4760, 0.5723]]), confscore:tensor([[0.5240, 0.4277]])
logits:tensor([[0.3876, 0.5882]]), confscore:tensor([[0.6124, 0.4118]])
logits:tensor([[0.3133, 0.7413]]), confscore:tensor([[0.6867, 0.2587]])
logits:tensor([[0.7464, 0.2469]]), confscore:tensor([[0.2536, 0.7531]])
logits:tensor([[0.5906, 0.4234]]), confscore:tensor([[0.4094, 0.5766]])
logits:tensor([[0.7096, 0.2701]]), confscore:tensor([[0.2904, 0.7299]])
logits:tensor([[0.6585, 0.3201]]), confscore:tensor([[0.3415, 0.6799]])
logits:tensor([[0.8305, 0.1729]]), confscore:tensor([[0.1695, 0.8271]])
logits:tensor([[0.7123, 0.2993]]), confscore:tensor([[0.2877, 0.7007]])
logits:tensor([[0.7860, 0.2270]]), confscore:tensor([[0.2140, 0.7730]])
logits:tensor([[0.4867, 0.5363]]), confscore:tensor([[0.5133, 0.4637]])
logits:tensor([[0.7640, 0.2180]]), confscore:tensor([[0.2360, 0.7820]])
logits:tensor([[0.7619, 0.2269]]), confscore:tensor([[0.2381, 0.7731]])
logits:tensor([[0.7465, 0.2403]]), confscore:tensor([[0.2535, 0.7597]])
logits:tensor([[0.7902, 0.2094]]), confscore:tensor([[0.2098, 0.7906]])
logits:tensor([[0.7801, 0.1886]]), confscore:tensor([[0.2199, 0.8114]])
logits:tensor([[0.7560, 0.2315]]), confscore:tensor([[0.2440, 0.7685]])
logits:tensor([[0.8001, 0.1862]]), confscore:tensor([[0.1999, 0.8138]])
logits:tensor([[0.5029, 0.4631]]), confscore:tensor([[0.4971, 0.5369]])
logits:tensor([[0.8229, 0.2266]]), confscore:tensor([[0.1771, 0.7734]])
logits:tensor([[0.3292, 0.6707]]), confscore:tensor([[0.6708, 0.3293]])
logits:tensor([[0.1930, 0.8028]]), confscore:tensor([[0.8070, 0.1972]])
logits:tensor([[0.4236, 0.5491]]), confscore:tensor([[0.5764, 0.4509]])
logits:tensor([[0.7291, 0.2587]]), confscore:tensor([[0.2709, 0.7413]])
logits:tensor([[0.8731, 0.1244]]), confscore:tensor([[0.1269, 0.8756]])
logits:tensor([[0.4941, 0.5084]]), confscore:tensor([[0.5059, 0.4916]])
logits:tensor([[0.4571, 0.5497]]), confscore:tensor([[0.5429, 0.4503]])
logits:tensor([[0.7432, 0.2408]]), confscore:tensor([[0.2568, 0.7592]])
logits:tensor([[0.9006, 0.0993]]), confscore:tensor([[0.0994, 0.9007]])
logits:tensor([[0.8873, 0.1209]]), confscore:tensor([[0.1127, 0.8791]])
logits:tensor([[0.5903, 0.4353]]), confscore:tensor([[0.4097, 0.5647]])
logits:tensor([[0.5380, 0.4753]]), confscore:tensor([[0.4620, 0.5247]])
logits:tensor([[0.5325, 0.4190]]), confscore:tensor([[0.4675, 0.5810]])
logits:tensor([[0.3560, 0.7115]]), confscore:tensor([[0.6440, 0.2885]])
logits:tensor([[0.2525, 0.7348]]), confscore:tensor([[0.7475, 0.2652]])
logits:tensor([[0.6882, 0.2932]]), confscore:tensor([[0.3118, 0.7068]])
logits:tensor([[0.4716, 0.5087]]), confscore:tensor([[0.5284, 0.4913]])
logits:tensor([[0.3984, 0.6088]]), confscore:tensor([[0.6016, 0.3912]])
logits:tensor([[0.7267, 0.2454]]), confscore:tensor([[0.2733, 0.7546]])
logits:tensor([[0.1419, 0.8518]]), confscore:tensor([[0.8581, 0.1482]])
logits:tensor([[0.8365, 0.1838]]), confscore:tensor([[0.1635, 0.8162]])
logits:tensor([[0.4947, 0.5115]]), confscore:tensor([[0.5053, 0.4885]])
logits:tensor([[0.9213, 0.0847]]), confscore:tensor([[0.0787, 0.9153]])
logits:tensor([[0.5710, 0.3909]]), confscore:tensor([[0.4290, 0.6091]])
logits:tensor([[0.5333, 0.4681]]), confscore:tensor([[0.4667, 0.5319]])
logits:tensor([[0.6182, 0.4469]]), confscore:tensor([[0.3818, 0.5531]])
logits:tensor([[0.2771, 0.7106]]), confscore:tensor([[0.7229, 0.2894]])
logits:tensor([[0.4746, 0.4500]]), confscore:tensor([[0.5254, 0.5500]])
logits:tensor([[0.8977, 0.0984]]), confscore:tensor([[0.1023, 0.9016]])
logits:tensor([[0.6300, 0.3425]]), confscore:tensor([[0.3700, 0.6575]])
logits:tensor([[0.2868, 0.6927]]), confscore:tensor([[0.7132, 0.3073]])
logits:tensor([[0.3179, 0.7066]]), confscore:tensor([[0.6821, 0.2934]])
logits:tensor([[0.2707, 0.6859]]), confscore:tensor([[0.7293, 0.3141]])
logits:tensor([[0.8700, 0.1348]]), confscore:tensor([[0.1300, 0.8652]])
logits:tensor([[0.9236, 0.0858]]), confscore:tensor([[0.0764, 0.9142]])
logits:tensor([[0.1533, 0.8629]]), confscore:tensor([[0.8467, 0.1371]])
logits:tensor([[0.8342, 0.1866]]), confscore:tensor([[0.1658, 0.8134]])
logits:tensor([[0.7867, 0.1702]]), confscore:tensor([[0.2133, 0.8298]])
logits:tensor([[0.0828, 0.9204]]), confscore:tensor([[0.9172, 0.0796]])
logits:tensor([[0.1574, 0.8486]]), confscore:tensor([[0.8426, 0.1514]])
logits:tensor([[0.3393, 0.6345]]), confscore:tensor([[0.6607, 0.3655]])
logits:tensor([[0.4576, 0.5115]]), confscore:tensor([[0.5424, 0.4885]])
logits:tensor([[0.8404, 0.1579]]), confscore:tensor([[0.1596, 0.8421]])
logits:tensor([[0.5400, 0.4634]]), confscore:tensor([[0.4600, 0.5366]])
logits:tensor([[0.1899, 0.8138]]), confscore:tensor([[0.8101, 0.1862]])
logits:tensor([[0.8653, 0.1777]]), confscore:tensor([[0.1347, 0.8223]])
logits:tensor([[0.5493, 0.4595]]), confscore:tensor([[0.4507, 0.5405]])
logits:tensor([[0.8556, 0.1529]]), confscore:tensor([[0.1444, 0.8471]])
logits:tensor([[0.7155, 0.2792]]), confscore:tensor([[0.2845, 0.7208]])
logits:tensor([[0.7070, 0.2760]]), confscore:tensor([[0.2930, 0.7240]])
logits:tensor([[0.8729, 0.1163]]), confscore:tensor([[0.1271, 0.8837]])
logits:tensor([[0.7039, 0.2935]]), confscore:tensor([[0.2961, 0.7065]])
logits:tensor([[0.8081, 0.1759]]), confscore:tensor([[0.1919, 0.8241]])
logits:tensor([[0.8070, 0.1775]]), confscore:tensor([[0.1930, 0.8225]])
logits:tensor([[0.5483, 0.4291]]), confscore:tensor([[0.4517, 0.5709]])
logits:tensor([[0.7484, 0.2331]]), confscore:tensor([[0.2516, 0.7669]])
logits:tensor([[0.4416, 0.5104]]), confscore:tensor([[0.5584, 0.4896]])
logits:tensor([[0.7142, 0.3044]]), confscore:tensor([[0.2858, 0.6956]])
logits:tensor([[0.8917, 0.1010]]), confscore:tensor([[0.1083, 0.8990]])
logits:tensor([[0.7476, 0.2339]]), confscore:tensor([[0.2524, 0.7661]])
logits:tensor([[0.5199, 0.4726]]), confscore:tensor([[0.4801, 0.5274]])
logits:tensor([[0.8752, 0.1339]]), confscore:tensor([[0.1248, 0.8661]])
logits:tensor([[0.6990, 0.2929]]), confscore:tensor([[0.3010, 0.7071]])
logits:tensor([[0.8280, 0.1428]]), confscore:tensor([[0.1720, 0.8572]])
logits:tensor([[0.7942, 0.1925]]), confscore:tensor([[0.2058, 0.8075]])
logits:tensor([[0.8655, 0.1214]]), confscore:tensor([[0.1345, 0.8786]])
logits:tensor([[0.8584, 0.1455]]), confscore:tensor([[0.1416, 0.8545]])
logits:tensor([[0.5992, 0.3854]]), confscore:tensor([[0.4008, 0.6146]])
logits:tensor([[0.3597, 0.5926]]), confscore:tensor([[0.6403, 0.4074]])
logits:tensor([[0.3969, 0.5340]]), confscore:tensor([[0.6031, 0.4660]])
logits:tensor([[0.7339, 0.2793]]), confscore:tensor([[0.2661, 0.7207]])
logits:tensor([[0.6828, 0.3024]]), confscore:tensor([[0.3172, 0.6976]])
logits:tensor([[0.6136, 0.3965]]), confscore:tensor([[0.3864, 0.6035]])
logits:tensor([[0.2040, 0.7858]]), confscore:tensor([[0.7960, 0.2142]])
logits:tensor([[0.7447, 0.2510]]), confscore:tensor([[0.2553, 0.7490]])
logits:tensor([[0.6680, 0.3266]]), confscore:tensor([[0.3320, 0.6734]])
logits:tensor([[0.7768, 0.2021]]), confscore:tensor([[0.2232, 0.7979]])
logits:tensor([[0.8275, 0.1744]]), confscore:tensor([[0.1725, 0.8256]])
logits:tensor([[0.8440, 0.1561]]), confscore:tensor([[0.1560, 0.8439]])
logits:tensor([[0.6899, 0.2960]]), confscore:tensor([[0.3101, 0.7040]])
logits:tensor([[0.6194, 0.4089]]), confscore:tensor([[0.3806, 0.5911]])
logits:tensor([[0.1148, 0.8768]]), confscore:tensor([[0.8852, 0.1232]])
logits:tensor([[0.9587, 0.0445]]), confscore:tensor([[0.0413, 0.9555]])
logits:tensor([[0.7259, 0.2699]]), confscore:tensor([[0.2741, 0.7301]])
logits:tensor([[0.5347, 0.4452]]), confscore:tensor([[0.4653, 0.5548]])
logits:tensor([[0.3797, 0.6265]]), confscore:tensor([[0.6203, 0.3735]])
logits:tensor([[0.7290, 0.2578]]), confscore:tensor([[0.2710, 0.7422]])
logits:tensor([[0.6996, 0.3683]]), confscore:tensor([[0.3004, 0.6317]])
logits:tensor([[0.7638, 0.2504]]), confscore:tensor([[0.2362, 0.7496]])
logits:tensor([[0.7824, 0.2042]]), confscore:tensor([[0.2176, 0.7958]])
logits:tensor([[0.8834, 0.1084]]), confscore:tensor([[0.1166, 0.8916]])
logits:tensor([[0.7775, 0.2493]]), confscore:tensor([[0.2225, 0.7507]])
logits:tensor([[0.6488, 0.3282]]), confscore:tensor([[0.3512, 0.6718]])
logits:tensor([[0.5960, 0.4496]]), confscore:tensor([[0.4040, 0.5504]])
logits:tensor([[0.6030, 0.3960]]), confscore:tensor([[0.3970, 0.6040]])
logits:tensor([[0.1783, 0.8249]]), confscore:tensor([[0.8217, 0.1751]])
logits:tensor([[0.6418, 0.3712]]), confscore:tensor([[0.3582, 0.6288]])
logits:tensor([[0.8127, 0.1912]]), confscore:tensor([[0.1873, 0.8088]])
logits:tensor([[0.7482, 0.2407]]), confscore:tensor([[0.2518, 0.7593]])
logits:tensor([[0.5568, 0.4524]]), confscore:tensor([[0.4432, 0.5476]])
logits:tensor([[0.1347, 0.8797]]), confscore:tensor([[0.8653, 0.1203]])
logits:tensor([[0.8788, 0.1259]]), confscore:tensor([[0.1212, 0.8741]])
logits:tensor([[0.7859, 0.2206]]), confscore:tensor([[0.2141, 0.7794]])
logits:tensor([[0.6350, 0.3397]]), confscore:tensor([[0.3650, 0.6603]])
logits:tensor([[0.1882, 0.8071]]), confscore:tensor([[0.8118, 0.1929]])
logits:tensor([[0.6868, 0.3372]]), confscore:tensor([[0.3132, 0.6628]])
logits:tensor([[0.3796, 0.6132]]), confscore:tensor([[0.6204, 0.3868]])
logits:tensor([[0.7052, 0.2995]]), confscore:tensor([[0.2948, 0.7005]])
logits:tensor([[0.5395, 0.4340]]), confscore:tensor([[0.4605, 0.5660]])
logits:tensor([[0.9323, 0.0620]]), confscore:tensor([[0.0677, 0.9380]])
logits:tensor([[0.3703, 0.6583]]), confscore:tensor([[0.6297, 0.3417]])
logits:tensor([[0.6848, 0.3387]]), confscore:tensor([[0.3152, 0.6613]])
logits:tensor([[0.5010, 0.4646]]), confscore:tensor([[0.4990, 0.5354]])
logits:tensor([[0.9121, 0.0958]]), confscore:tensor([[0.0879, 0.9042]])
logits:tensor([[0.1628, 0.8371]]), confscore:tensor([[0.8372, 0.1629]])
logits:tensor([[0.5678, 0.3803]]), confscore:tensor([[0.4322, 0.6197]])
logits:tensor([[0.7295, 0.2470]]), confscore:tensor([[0.2705, 0.7530]])
logits:tensor([[0.7577, 0.2482]]), confscore:tensor([[0.2423, 0.7518]])
logits:tensor([[0.7791, 0.2164]]), confscore:tensor([[0.2209, 0.7836]])
logits:tensor([[0.5361, 0.4538]]), confscore:tensor([[0.4639, 0.5462]])
logits:tensor([[0.8129, 0.1817]]), confscore:tensor([[0.1871, 0.8183]])
logits:tensor([[0.8844, 0.1159]]), confscore:tensor([[0.1156, 0.8841]])
logits:tensor([[0.5249, 0.4934]]), confscore:tensor([[0.4751, 0.5066]])
logits:tensor([[0.7261, 0.2412]]), confscore:tensor([[0.2739, 0.7588]])
logits:tensor([[0.6048, 0.3948]]), confscore:tensor([[0.3952, 0.6052]])
logits:tensor([[0.5851, 0.4016]]), confscore:tensor([[0.4149, 0.5984]])
logits:tensor([[0.6755, 0.2938]]), confscore:tensor([[0.3245, 0.7062]])
logits:tensor([[0.1964, 0.7982]]), confscore:tensor([[0.8036, 0.2018]])
logits:tensor([[0.7622, 0.2482]]), confscore:tensor([[0.2378, 0.7518]])
logits:tensor([[0.6535, 0.3384]]), confscore:tensor([[0.3465, 0.6616]])
logits:tensor([[0.8700, 0.1394]]), confscore:tensor([[0.1300, 0.8606]])
logits:tensor([[0.8622, 0.1112]]), confscore:tensor([[0.1378, 0.8888]])
logits:tensor([[0.4808, 0.5569]]), confscore:tensor([[0.5192, 0.4431]])
logits:tensor([[0.8782, 0.1391]]), confscore:tensor([[0.1218, 0.8609]])
logits:tensor([[0.6986, 0.3589]]), confscore:tensor([[0.3014, 0.6411]])
logits:tensor([[0.2758, 0.7010]]), confscore:tensor([[0.7242, 0.2990]])
logits:tensor([[0.6952, 0.2897]]), confscore:tensor([[0.3048, 0.7103]])
logits:tensor([[0.3053, 0.7223]]), confscore:tensor([[0.6947, 0.2777]])
logits:tensor([[0.6681, 0.3357]]), confscore:tensor([[0.3319, 0.6643]])
logits:tensor([[0.7937, 0.2204]]), confscore:tensor([[0.2063, 0.7796]])
logits:tensor([[0.7106, 0.3012]]), confscore:tensor([[0.2894, 0.6988]])
logits:tensor([[0.7427, 0.2474]]), confscore:tensor([[0.2573, 0.7526]])
logits:tensor([[0.6807, 0.3249]]), confscore:tensor([[0.3193, 0.6751]])
logits:tensor([[0.6931, 0.2939]]), confscore:tensor([[0.3069, 0.7061]])
logits:tensor([[0.7443, 0.2626]]), confscore:tensor([[0.2557, 0.7374]])
logits:tensor([[0.4651, 0.5218]]), confscore:tensor([[0.5349, 0.4782]])
logits:tensor([[0.7106, 0.2806]]), confscore:tensor([[0.2894, 0.7194]])
logits:tensor([[0.2890, 0.6531]]), confscore:tensor([[0.7110, 0.3469]])
logits:tensor([[0.7474, 0.2119]]), confscore:tensor([[0.2526, 0.7881]])
logits:tensor([[0.4898, 0.5244]]), confscore:tensor([[0.5102, 0.4756]])
logits:tensor([[0.6265, 0.3840]]), confscore:tensor([[0.3735, 0.6160]])
logits:tensor([[0.9393, 0.0571]]), confscore:tensor([[0.0607, 0.9429]])
logits:tensor([[0.4836, 0.4837]]), confscore:tensor([[0.5164, 0.5163]])
logits:tensor([[0.7247, 0.2696]]), confscore:tensor([[0.2753, 0.7304]])
logits:tensor([[0.7646, 0.2480]]), confscore:tensor([[0.2354, 0.7520]])
logits:tensor([[0.1600, 0.8382]]), confscore:tensor([[0.8400, 0.1618]])
logits:tensor([[0.6233, 0.3785]]), confscore:tensor([[0.3767, 0.6215]])
logits:tensor([[0.9084, 0.0814]]), confscore:tensor([[0.0916, 0.9186]])
logits:tensor([[0.4373, 0.5519]]), confscore:tensor([[0.5627, 0.4481]])
logits:tensor([[0.7935, 0.1876]]), confscore:tensor([[0.2065, 0.8124]])
logits:tensor([[0.6549, 0.3724]]), confscore:tensor([[0.3451, 0.6276]])
logits:tensor([[0.5969, 0.4117]]), confscore:tensor([[0.4031, 0.5883]])
logits:tensor([[0.2110, 0.7940]]), confscore:tensor([[0.7890, 0.2060]])
logits:tensor([[0.8536, 0.1307]]), confscore:tensor([[0.1464, 0.8693]])
logits:tensor([[0.8764, 0.1440]]), confscore:tensor([[0.1236, 0.8560]])
logits:tensor([[0.9018, 0.0931]]), confscore:tensor([[0.0982, 0.9069]])
logits:tensor([[0.8123, 0.1825]]), confscore:tensor([[0.1877, 0.8175]])
